# JRE version: OpenJDK Runtime Environment (17.0.11) (build 17.0.11+0--11852314)
# Java VM: OpenJDK 64-Bit Server VM (17.0.11+0--11852314, mixed mode, tiered, compressed oops, compressed class ptrs, g1 gc, windows-amd64)
GC Precious Log:
 CPUs: 4 total, 4 available
 Memory: 8149M
 Large Page Support: Disabled
 NUMA Support: Disabled
 Compressed Oops: Enabled (32-bit)
 Heap Region Size: 1M
 Heap Min Capacity: 8M
 Heap Initial Capacity: 128M
 Heap Max Capacity: 2G
 Pre-touch: Disabled
 Parallel Workers: 4
 Concurrent Workers: 1
 Concurrent Refinement Workers: 4
 Periodic GC: Disabled
Heap:
 garbage-first heap   total 551936K, used 262068K [0x0000000080000000, 0x0000000100000000)
  region size 1024K, 16 young (16384K), 16 survivors (16384K)
 Metaspace       used 212190K, committed 214528K, reserved 1245184K
  class space    used 27704K, committed 28864K, reserved 1048576K
GC Heap History (20 events):
Event: 3316.594 GC heap after
{Heap after GC invocations=101 (full 0):
 garbage-first heap   total 485376K, used 394718K [0x0000000080000000, 0x0000000100000000)
  region size 1024K, 3 young (3072K), 3 survivors (3072K)
 Metaspace       used 183146K, committed 185344K, reserved 1245184K
  class space    used 24663K, committed 25728K, reserved 1048576K
}
Event: 3317.144 GC heap before
{Heap before GC invocations=101 (full 0):
 garbage-first heap   total 485376K, used 426462K [0x0000000080000000, 0x0000000100000000)
  region size 1024K, 34 young (34816K), 3 survivors (3072K)
 Metaspace       used 186453K, committed 188672K, reserved 1245184K
  class space    used 24995K, committed 26048K, reserved 1048576K
}
Event: 3317.149 GC heap after
{Heap after GC invocations=102 (full 0):
 garbage-first heap   total 485376K, used 397369K [0x0000000080000000, 0x0000000100000000)
  region size 1024K, 5 young (5120K), 5 survivors (5120K)
 Metaspace       used 186453K, committed 188672K, reserved 1245184K
  class space    used 24995K, committed 26048K, reserved 1048576K
}
Event: 3317.457 GC heap before
{Heap before GC invocations=102 (full 0):
 garbage-first heap   total 485376K, used 415801K [0x0000000080000000, 0x0000000100000000)
  region size 1024K, 24 young (24576K), 5 survivors (5120K)
 Metaspace       used 188876K, committed 191040K, reserved 1245184K
  class space    used 25250K, committed 26304K, reserved 1048576K
}
Event: 3317.463 GC heap after
{Heap after GC invocations=103 (full 0):
 garbage-first heap   total 485376K, used 398227K [0x0000000080000000, 0x0000000100000000)
  region size 1024K, 2 young (2048K), 2 survivors (2048K)
 Metaspace       used 188876K, committed 191040K, reserved 1245184K
  class space    used 25250K, committed 26304K, reserved 1048576K
}
Event: 3318.334 GC heap before
{Heap before GC invocations=103 (full 0):
 garbage-first heap   total 485376K, used 427923K [0x0000000080000000, 0x0000000100000000)
  region size 1024K, 31 young (31744K), 2 survivors (2048K)
 Metaspace       used 192606K, committed 194816K, reserved 1245184K
  class space    used 25707K, committed 26752K, reserved 1048576K
}
Event: 3318.373 GC heap after
{Heap after GC invocations=104 (full 0):
 garbage-first heap   total 485376K, used 398837K [0x0000000080000000, 0x0000000100000000)
  region size 1024K, 2 young (2048K), 2 survivors (2048K)
 Metaspace       used 192606K, committed 194816K, reserved 1245184K
  class space    used 25707K, committed 26752K, reserved 1048576K
}
Event: 3318.945 GC heap before
{Heap before GC invocations=104 (full 0):
 garbage-first heap   total 485376K, used 429557K [0x0000000080000000, 0x0000000100000000)
  region size 1024K, 32 young (32768K), 2 survivors (2048K)
 Metaspace       used 197353K, committed 199552K, reserved 1245184K
  class space    used 26203K, committed 27264K, reserved 1048576K
}
Event: 3318.951 GC heap after
{Heap after GC invocations=105 (full 0):
 garbage-first heap   total 485376K, used 399545K [0x0000000080000000, 0x0000000100000000)
  region size 1024K, 3 young (3072K), 3 survivors (3072K)
 Metaspace       used 197353K, committed 199552K, reserved 1245184K
  class space    used 26203K, committed 27264K, reserved 1048576K
}
Event: 3319.910 GC heap before
{Heap before GC invocations=105 (full 0):
 garbage-first heap   total 551936K, used 344249K [0x0000000080000000, 0x0000000100000000)
  region size 1024K, 27 young (27648K), 3 survivors (3072K)
 Metaspace       used 200235K, committed 202304K, reserved 1245184K
  class space    used 26455K, committed 27456K, reserved 1048576K
}
Event: 3319.933 GC heap after
{Heap after GC invocations=106 (full 0):
 garbage-first heap   total 551936K, used 320250K [0x0000000080000000, 0x0000000100000000)
  region size 1024K, 3 young (3072K), 3 survivors (3072K)
 Metaspace       used 200235K, committed 202304K, reserved 1245184K
  class space    used 26455K, committed 27456K, reserved 1048576K
}
Event: 3322.919 GC heap before
{Heap before GC invocations=107 (full 0):
 garbage-first heap   total 551936K, used 471802K [0x0000000080000000, 0x0000000100000000)
  region size 1024K, 150 young (153600K), 3 survivors (3072K)
 Metaspace       used 203256K, committed 205504K, reserved 1245184K
  class space    used 26779K, committed 27840K, reserved 1048576K
}
Event: 3322.956 GC heap after
{Heap after GC invocations=108 (full 0):
 garbage-first heap   total 551936K, used 336821K [0x0000000080000000, 0x0000000100000000)
  region size 1024K, 19 young (19456K), 19 survivors (19456K)
 Metaspace       used 203256K, committed 205504K, reserved 1245184K
  class space    used 26779K, committed 27840K, reserved 1048576K
}
Event: 3323.275 GC heap before
{Heap before GC invocations=108 (full 0):
 garbage-first heap   total 551936K, used 343989K [0x0000000080000000, 0x0000000100000000)
  region size 1024K, 26 young (26624K), 19 survivors (19456K)
 Metaspace       used 203725K, committed 205952K, reserved 1245184K
  class space    used 26792K, committed 27840K, reserved 1048576K
}
Event: 3323.338 GC heap after
{Heap after GC invocations=109 (full 0):
 garbage-first heap   total 551936K, used 283392K [0x0000000080000000, 0x0000000100000000)
  region size 1024K, 2 young (2048K), 2 survivors (2048K)
 Metaspace       used 203725K, committed 205952K, reserved 1245184K
  class space    used 26792K, committed 27840K, reserved 1048576K
}
Event: 3324.124 GC heap before
{Heap before GC invocations=109 (full 0):
 garbage-first heap   total 551936K, used 306944K [0x0000000080000000, 0x0000000100000000)
  region size 1024K, 26 young (26624K), 2 survivors (2048K)
 Metaspace       used 205625K, committed 207872K, reserved 1245184K
  class space    used 26905K, committed 27968K, reserved 1048576K
}
Event: 3324.146 GC heap after
{Heap after GC invocations=110 (full 0):
 garbage-first heap   total 551936K, used 239554K [0x0000000080000000, 0x0000000100000000)
  region size 1024K, 4 young (4096K), 4 survivors (4096K)
 Metaspace       used 205625K, committed 207872K, reserved 1245184K
  class space    used 26905K, committed 27968K, reserved 1048576K
}
Event: 3324.575 GC heap before
{Heap before GC invocations=110 (full 0):
 garbage-first heap   total 551936K, used 262082K [0x0000000080000000, 0x0000000100000000)
  region size 1024K, 26 young (26624K), 4 survivors (4096K)
 Metaspace       used 207218K, committed 209472K, reserved 1245184K
  class space    used 27033K, committed 28096K, reserved 1048576K
}
Event: 3324.602 GC heap after
{Heap after GC invocations=111 (full 0):
 garbage-first heap   total 551936K, used 233263K [0x0000000080000000, 0x0000000100000000)
  region size 1024K, 3 young (3072K), 3 survivors (3072K)
 Metaspace       used 207218K, committed 209472K, reserved 1245184K
  class space    used 27033K, committed 28096K, reserved 1048576K
}
Event: 3329.440 GC heap before
{Heap before GC invocations=111 (full 0):
 garbage-first heap   total 551936K, used 462639K [0x0000000080000000, 0x0000000100000000)
  region size 1024K, 213 young (218112K), 3 survivors (3072K)
 Metaspace       used 212190K, committed 214528K, reserved 1245184K
  class space    used 27704K, committed 28864K, reserved 1048576K
}

