# JRE version: OpenJDK Runtime Environment (17.0.11) (build 17.0.11+0--11852314)
# Java VM: OpenJDK 64-Bit Server VM (17.0.11+0--11852314, mixed mode, tiered, compressed oops, compressed class ptrs, g1 gc, windows-amd64)
GC Precious Log:
 CPUs: 4 total, 4 available
 Memory: 8149M
 Large Page Support: Disabled
 NUMA Support: Disabled
 Compressed Oops: Enabled (32-bit)
 Heap Region Size: 1M
 Heap Min Capacity: 8M
 Heap Initial Capacity: 128M
 Heap Max Capacity: 2G
 Pre-touch: Disabled
 Parallel Workers: 4
 Concurrent Workers: 1
 Concurrent Refinement Workers: 4
 Periodic GC: Disabled
Heap:
 garbage-first heap   total 573440K, used 137864K [0x0000000080000000, 0x0000000100000000)
  region size 1024K, 2 young (2048K), 2 survivors (2048K)
 Metaspace       used 138119K, committed 139328K, reserved 1179648K
  class space    used 18783K, committed 19392K, reserved 1048576K
GC Heap History (20 events):
Event: 1315.193 GC heap after
{Heap after GC invocations=121 (full 0):
 garbage-first heap   total 598016K, used 154440K [0x0000000080000000, 0x0000000100000000)
  region size 1024K, 2 young (2048K), 2 survivors (2048K)
 Metaspace       used 137502K, committed 138688K, reserved 1179648K
  class space    used 18818K, committed 19392K, reserved 1048576K
}
Event: 1389.435 GC heap before
{Heap before GC invocations=121 (full 0):
 garbage-first heap   total 598016K, used 182088K [0x0000000080000000, 0x0000000100000000)
  region size 1024K, 29 young (29696K), 2 survivors (2048K)
 Metaspace       used 137578K, committed 138688K, reserved 1179648K
  class space    used 18821K, committed 19392K, reserved 1048576K
}
Event: 1389.440 GC heap after
{Heap after GC invocations=122 (full 0):
 garbage-first heap   total 598016K, used 155950K [0x0000000080000000, 0x0000000100000000)
  region size 1024K, 4 young (4096K), 4 survivors (4096K)
 Metaspace       used 137578K, committed 138688K, reserved 1179648K
  class space    used 18821K, committed 19392K, reserved 1048576K
}
Event: 1390.115 GC heap before
{Heap before GC invocations=123 (full 0):
 garbage-first heap   total 536576K, used 179502K [0x0000000080000000, 0x0000000100000000)
  region size 1024K, 29 young (29696K), 4 survivors (4096K)
 Metaspace       used 137655K, committed 138816K, reserved 1179648K
  class space    used 18828K, committed 19392K, reserved 1048576K
}
Event: 1390.211 GC heap after
{Heap after GC invocations=124 (full 0):
 garbage-first heap   total 536576K, used 157212K [0x0000000080000000, 0x0000000100000000)
  region size 1024K, 4 young (4096K), 4 survivors (4096K)
 Metaspace       used 137655K, committed 138816K, reserved 1179648K
  class space    used 18828K, committed 19392K, reserved 1048576K
}
Event: 1391.939 GC heap before
{Heap before GC invocations=124 (full 0):
 garbage-first heap   total 536576K, used 179740K [0x0000000080000000, 0x0000000100000000)
  region size 1024K, 26 young (26624K), 4 survivors (4096K)
 Metaspace       used 137739K, committed 138880K, reserved 1179648K
  class space    used 18834K, committed 19392K, reserved 1048576K
}
Event: 1392.021 GC heap after
{Heap after GC invocations=125 (full 0):
 garbage-first heap   total 536576K, used 154915K [0x0000000080000000, 0x0000000100000000)
  region size 1024K, 4 young (4096K), 4 survivors (4096K)
 Metaspace       used 137739K, committed 138880K, reserved 1179648K
  class space    used 18834K, committed 19392K, reserved 1048576K
}
Event: 1392.378 GC heap before
{Heap before GC invocations=125 (full 0):
 garbage-first heap   total 536576K, used 177443K [0x0000000080000000, 0x0000000100000000)
  region size 1024K, 26 young (26624K), 4 survivors (4096K)
 Metaspace       used 137761K, committed 138880K, reserved 1179648K
  class space    used 18834K, committed 19392K, reserved 1048576K
}
Event: 1392.409 GC heap after
{Heap after GC invocations=126 (full 0):
 garbage-first heap   total 536576K, used 158872K [0x0000000080000000, 0x0000000100000000)
  region size 1024K, 4 young (4096K), 4 survivors (4096K)
 Metaspace       used 137761K, committed 138880K, reserved 1179648K
  class space    used 18834K, committed 19392K, reserved 1048576K
}
Event: 1392.888 GC heap before
{Heap before GC invocations=127 (full 0):
 garbage-first heap   total 536576K, used 188568K [0x0000000080000000, 0x0000000100000000)
  region size 1024K, 35 young (35840K), 4 survivors (4096K)
 Metaspace       used 137851K, committed 138944K, reserved 1179648K
  class space    used 18838K, committed 19392K, reserved 1048576K
}
Event: 1392.901 GC heap after
{Heap after GC invocations=128 (full 0):
 garbage-first heap   total 536576K, used 160004K [0x0000000080000000, 0x0000000100000000)
  region size 1024K, 3 young (3072K), 3 survivors (3072K)
 Metaspace       used 137851K, committed 138944K, reserved 1179648K
  class space    used 18838K, committed 19392K, reserved 1048576K
}
Event: 2216.421 GC heap before
{Heap before GC invocations=128 (full 0):
 garbage-first heap   total 536576K, used 182532K [0x0000000080000000, 0x0000000100000000)
  region size 1024K, 26 young (26624K), 3 survivors (3072K)
 Metaspace       used 137901K, committed 139072K, reserved 1179648K
  class space    used 18838K, committed 19392K, reserved 1048576K
}
Event: 2216.498 GC heap after
{Heap after GC invocations=129 (full 0):
 garbage-first heap   total 536576K, used 150260K [0x0000000080000000, 0x0000000100000000)
  region size 1024K, 1 young (1024K), 1 survivors (1024K)
 Metaspace       used 137901K, committed 139072K, reserved 1179648K
  class space    used 18838K, committed 19392K, reserved 1048576K
}
Event: 2220.879 GC heap before
{Heap before GC invocations=129 (full 0):
 garbage-first heap   total 536576K, used 232180K [0x0000000080000000, 0x0000000100000000)
  region size 1024K, 81 young (82944K), 1 survivors (1024K)
 Metaspace       used 138031K, committed 139200K, reserved 1179648K
  class space    used 18838K, committed 19392K, reserved 1048576K
}
Event: 2220.941 GC heap after
{Heap after GC invocations=130 (full 0):
 garbage-first heap   total 536576K, used 159852K [0x0000000080000000, 0x0000000100000000)
  region size 1024K, 10 young (10240K), 10 survivors (10240K)
 Metaspace       used 138031K, committed 139200K, reserved 1179648K
  class space    used 18838K, committed 19392K, reserved 1048576K
}
Event: 2280.215 GC heap before
{Heap before GC invocations=131 (full 0):
 garbage-first heap   total 536576K, used 207980K [0x0000000080000000, 0x0000000100000000)
  region size 1024K, 62 young (63488K), 10 survivors (10240K)
 Metaspace       used 137922K, committed 139264K, reserved 1179648K
  class space    used 18783K, committed 19392K, reserved 1048576K
}
Event: 2280.265 GC heap after
{Heap after GC invocations=132 (full 0):
 garbage-first heap   total 536576K, used 159740K [0x0000000080000000, 0x0000000100000000)
  region size 1024K, 4 young (4096K), 4 survivors (4096K)
 Metaspace       used 137922K, committed 139264K, reserved 1179648K
  class space    used 18783K, committed 19392K, reserved 1048576K
}
Event: 2280.396 GC heap before
{Heap before GC invocations=132 (full 0):
 garbage-first heap   total 536576K, used 181244K [0x0000000080000000, 0x0000000100000000)
  region size 1024K, 26 young (26624K), 4 survivors (4096K)
 Metaspace       used 137955K, committed 139264K, reserved 1179648K
  class space    used 18783K, committed 19392K, reserved 1048576K
}
Event: 2280.438 GC heap after
{Heap after GC invocations=133 (full 0):
 garbage-first heap   total 536576K, used 139271K [0x0000000080000000, 0x0000000100000000)
  region size 1024K, 3 young (3072K), 3 survivors (3072K)
 Metaspace       used 137955K, committed 139264K, reserved 1179648K
  class space    used 18783K, committed 19392K, reserved 1048576K
}
Event: 2282.728 GC heap before
{Heap before GC invocations=133 (full 0):
 garbage-first heap   total 536576K, used 269319K [0x0000000080000000, 0x0000000100000000)
  region size 1024K, 132 young (135168K), 3 survivors (3072K)
 Metaspace       used 138119K, committed 139328K, reserved 1179648K
  class space    used 18783K, committed 19392K, reserved 1048576K
}

