# JRE version: OpenJDK Runtime Environment (17.0.11) (build 17.0.11+0--11852314)
# Java VM: OpenJDK 64-Bit Server VM (17.0.11+0--11852314, mixed mode, tiered, compressed oops, compressed class ptrs, g1 gc, windows-amd64)
GC Precious Log:
 CPUs: 4 total, 4 available
 Memory: 8149M
 Large Page Support: Disabled
 NUMA Support: Disabled
 Compressed Oops: Enabled (32-bit)
 Heap Region Size: 1M
 Heap Min Capacity: 8M
 Heap Initial Capacity: 128M
 Heap Max Capacity: 2038M
 Pre-touch: Disabled
 Parallel Workers: 4
 Concurrent Workers: 1
 Concurrent Refinement Workers: 4
 Periodic GC: Disabled
Heap:
 garbage-first heap   total 206848K, used 127146K [0x0000000080a00000, 0x0000000100000000)
  region size 1024K, 69 young (70656K), 1 survivors (1024K)
 Metaspace       used 64659K, committed 64896K, reserved 1114112K
  class space    used 7309K, committed 7424K, reserved 1048576K
GC Heap History (20 events):
Event: 3.532 GC heap before
{Heap before GC invocations=14 (full 0):
 garbage-first heap   total 73728K, used 56559K [0x0000000080a00000, 0x0000000100000000)
  region size 1024K, 27 young (27648K), 1 survivors (1024K)
 Metaspace       used 51746K, committed 51968K, reserved 1114112K
  class space    used 6224K, committed 6336K, reserved 1048576K
}
Event: 3.542 GC heap after
{Heap after GC invocations=15 (full 0):
 garbage-first heap   total 73728K, used 34432K [0x0000000080a00000, 0x0000000100000000)
  region size 1024K, 4 young (4096K), 4 survivors (4096K)
 Metaspace       used 51746K, committed 51968K, reserved 1114112K
  class space    used 6224K, committed 6336K, reserved 1048576K
}
Event: 3.644 GC heap before
{Heap before GC invocations=15 (full 0):
 garbage-first heap   total 73728K, used 55936K [0x0000000080a00000, 0x0000000100000000)
  region size 1024K, 25 young (25600K), 4 survivors (4096K)
 Metaspace       used 51946K, committed 52224K, reserved 1114112K
  class space    used 6228K, committed 6336K, reserved 1048576K
}
Event: 3.653 GC heap after
{Heap after GC invocations=16 (full 0):
 garbage-first heap   total 73728K, used 37004K [0x0000000080a00000, 0x0000000100000000)
  region size 1024K, 3 young (3072K), 3 survivors (3072K)
 Metaspace       used 51946K, committed 52224K, reserved 1114112K
  class space    used 6228K, committed 6336K, reserved 1048576K
}
Event: 4.136 GC heap before
{Heap before GC invocations=16 (full 0):
 garbage-first heap   total 73728K, used 56460K [0x0000000080a00000, 0x0000000100000000)
  region size 1024K, 22 young (22528K), 3 survivors (3072K)
 Metaspace       used 53572K, committed 53824K, reserved 1114112K
  class space    used 6347K, committed 6464K, reserved 1048576K
}
Event: 4.147 GC heap after
{Heap after GC invocations=17 (full 0):
 garbage-first heap   total 73728K, used 41654K [0x0000000080a00000, 0x0000000100000000)
  region size 1024K, 3 young (3072K), 3 survivors (3072K)
 Metaspace       used 53572K, committed 53824K, reserved 1114112K
  class space    used 6347K, committed 6464K, reserved 1048576K
}
Event: 4.545 GC heap before
{Heap before GC invocations=18 (full 0):
 garbage-first heap   total 73728K, used 57014K [0x0000000080a00000, 0x0000000100000000)
  region size 1024K, 18 young (18432K), 3 survivors (3072K)
 Metaspace       used 54147K, committed 54336K, reserved 1114112K
  class space    used 6365K, committed 6464K, reserved 1048576K
}
Event: 4.555 GC heap after
{Heap after GC invocations=19 (full 0):
 garbage-first heap   total 73728K, used 44960K [0x0000000080a00000, 0x0000000100000000)
  region size 1024K, 3 young (3072K), 3 survivors (3072K)
 Metaspace       used 54147K, committed 54336K, reserved 1114112K
  class space    used 6365K, committed 6464K, reserved 1048576K
}
Event: 4.571 GC heap before
{Heap before GC invocations=19 (full 0):
 garbage-first heap   total 73728K, used 45984K [0x0000000080a00000, 0x0000000100000000)
  region size 1024K, 4 young (4096K), 3 survivors (3072K)
 Metaspace       used 54167K, committed 54400K, reserved 1114112K
  class space    used 6366K, committed 6464K, reserved 1048576K
}
Event: 4.579 GC heap after
{Heap after GC invocations=20 (full 0):
 garbage-first heap   total 103424K, used 44071K [0x0000000080a00000, 0x0000000100000000)
  region size 1024K, 1 young (1024K), 1 survivors (1024K)
 Metaspace       used 54167K, committed 54400K, reserved 1114112K
  class space    used 6366K, committed 6464K, reserved 1048576K
}
Event: 5.246 GC heap before
{Heap before GC invocations=20 (full 0):
 garbage-first heap   total 103424K, used 74791K [0x0000000080a00000, 0x0000000100000000)
  region size 1024K, 31 young (31744K), 1 survivors (1024K)
 Metaspace       used 56562K, committed 56768K, reserved 1114112K
  class space    used 6637K, committed 6720K, reserved 1048576K
}
Event: 5.257 GC heap after
{Heap after GC invocations=21 (full 0):
 garbage-first heap   total 103424K, used 47951K [0x0000000080a00000, 0x0000000100000000)
  region size 1024K, 4 young (4096K), 4 survivors (4096K)
 Metaspace       used 56562K, committed 56768K, reserved 1114112K
  class space    used 6637K, committed 6720K, reserved 1048576K
}
Event: 6.194 GC heap before
{Heap before GC invocations=21 (full 0):
 garbage-first heap   total 103424K, used 76623K [0x0000000080a00000, 0x0000000100000000)
  region size 1024K, 32 young (32768K), 4 survivors (4096K)
 Metaspace       used 60377K, committed 60608K, reserved 1114112K
  class space    used 7015K, committed 7104K, reserved 1048576K
}
Event: 6.205 GC heap after
{Heap after GC invocations=22 (full 0):
 garbage-first heap   total 103424K, used 50407K [0x0000000080a00000, 0x0000000100000000)
  region size 1024K, 3 young (3072K), 3 survivors (3072K)
 Metaspace       used 60377K, committed 60608K, reserved 1114112K
  class space    used 7015K, committed 7104K, reserved 1048576K
}
Event: 7.324 GC heap before
{Heap before GC invocations=22 (full 0):
 garbage-first heap   total 103424K, used 79079K [0x0000000080a00000, 0x0000000100000000)
  region size 1024K, 31 young (31744K), 3 survivors (3072K)
 Metaspace       used 61624K, committed 61888K, reserved 1114112K
  class space    used 7019K, committed 7104K, reserved 1048576K
}
Event: 7.333 GC heap after
{Heap after GC invocations=23 (full 0):
 garbage-first heap   total 103424K, used 53308K [0x0000000080a00000, 0x0000000100000000)
  region size 1024K, 3 young (3072K), 3 survivors (3072K)
 Metaspace       used 61624K, committed 61888K, reserved 1114112K
  class space    used 7019K, committed 7104K, reserved 1048576K
}
Event: 7.885 GC heap before
{Heap before GC invocations=24 (full 0):
 garbage-first heap   total 103424K, used 80956K [0x0000000080a00000, 0x0000000100000000)
  region size 1024K, 30 young (30720K), 3 survivors (3072K)
 Metaspace       used 62336K, committed 62656K, reserved 1114112K
  class space    used 7102K, committed 7232K, reserved 1048576K
}
Event: 7.895 GC heap after
{Heap after GC invocations=25 (full 0):
 garbage-first heap   total 103424K, used 56423K [0x0000000080a00000, 0x0000000100000000)
  region size 1024K, 4 young (4096K), 4 survivors (4096K)
 Metaspace       used 62336K, committed 62656K, reserved 1114112K
  class space    used 7102K, committed 7232K, reserved 1048576K
}
Event: 7.898 GC heap before
{Heap before GC invocations=25 (full 0):
 garbage-first heap   total 103424K, used 57447K [0x0000000080a00000, 0x0000000100000000)
  region size 1024K, 5 young (5120K), 4 survivors (4096K)
 Metaspace       used 62336K, committed 62656K, reserved 1114112K
  class space    used 7102K, committed 7232K, reserved 1048576K
}
Event: 7.907 GC heap after
{Heap after GC invocations=26 (full 0):
 garbage-first heap   total 206848K, used 56490K [0x0000000080a00000, 0x0000000100000000)
  region size 1024K, 1 young (1024K), 1 survivors (1024K)
 Metaspace       used 62336K, committed 62656K, reserved 1114112K
  class space    used 7102K, committed 7232K, reserved 1048576K
}

