# JRE version: OpenJDK Runtime Environment (17.0.11) (build 17.0.11+0--11852314)
# Java VM: OpenJDK 64-Bit Server VM (17.0.11+0--11852314, mixed mode, tiered, compressed oops, compressed class ptrs, g1 gc, windows-amd64)
GC Precious Log:
 CPUs: 4 total, 4 available
 Memory: 8149M
 Large Page Support: Disabled
 NUMA Support: Disabled
 Compressed Oops: Enabled (32-bit)
 Heap Region Size: 1M
 Heap Min Capacity: 8M
 Heap Initial Capacity: 128M
 Heap Max Capacity: 2G
 Pre-touch: Disabled
 Parallel Workers: 4
 Concurrent Workers: 1
 Concurrent Refinement Workers: 4
 Periodic GC: Disabled
Heap:
 garbage-first heap   total 386048K, used 132423K [0x0000000080000000, 0x0000000100000000)
  region size 1024K, 2 young (2048K), 2 survivors (2048K)
 Metaspace       used 151614K, committed 153984K, reserved 1245184K
  class space    used 20000K, committed 21184K, reserved 1048576K
GC Heap History (20 events):
Event: 10717.081 GC heap after
{Heap after GC invocations=195 (full 1):
 garbage-first heap   total 321536K, used 114856K [0x0000000080000000, 0x0000000100000000)
  region size 1024K, 2 young (2048K), 2 survivors (2048K)
 Metaspace       used 151356K, committed 153984K, reserved 1245184K
  class space    used 19969K, committed 21184K, reserved 1048576K
}
Event: 10718.879 GC heap before
{Heap before GC invocations=196 (full 1):
 garbage-first heap   total 321536K, used 129192K [0x0000000080000000, 0x0000000100000000)
  region size 1024K, 17 young (17408K), 2 survivors (2048K)
 Metaspace       used 151363K, committed 153984K, reserved 1245184K
  class space    used 19968K, committed 21184K, reserved 1048576K
}
Event: 10718.931 GC heap after
{Heap after GC invocations=197 (full 1):
 garbage-first heap   total 321536K, used 114428K [0x0000000080000000, 0x0000000100000000)
  region size 1024K, 1 young (1024K), 1 survivors (1024K)
 Metaspace       used 151363K, committed 153984K, reserved 1245184K
  class space    used 19968K, committed 21184K, reserved 1048576K
}
Event: 10721.252 GC heap before
{Heap before GC invocations=197 (full 1):
 garbage-first heap   total 321536K, used 154364K [0x0000000080000000, 0x0000000100000000)
  region size 1024K, 15 young (15360K), 1 survivors (1024K)
 Metaspace       used 151467K, committed 153984K, reserved 1245184K
  class space    used 19982K, committed 21184K, reserved 1048576K
}
Event: 10721.375 GC heap after
{Heap after GC invocations=198 (full 1):
 garbage-first heap   total 321536K, used 113134K [0x0000000080000000, 0x0000000100000000)
  region size 1024K, 1 young (1024K), 1 survivors (1024K)
 Metaspace       used 151467K, committed 153984K, reserved 1245184K
  class space    used 19982K, committed 21184K, reserved 1048576K
}
Event: 11220.277 GC heap before
{Heap before GC invocations=198 (full 1):
 garbage-first heap   total 321536K, used 143854K [0x0000000080000000, 0x0000000100000000)
  region size 1024K, 31 young (31744K), 1 survivors (1024K)
 Metaspace       used 151713K, committed 153984K, reserved 1245184K
  class space    used 20028K, committed 21184K, reserved 1048576K
}
Event: 11220.281 GC heap after
{Heap after GC invocations=199 (full 1):
 garbage-first heap   total 386048K, used 113704K [0x0000000080000000, 0x0000000100000000)
  region size 1024K, 2 young (2048K), 2 survivors (2048K)
 Metaspace       used 151713K, committed 153984K, reserved 1245184K
  class space    used 20028K, committed 21184K, reserved 1048576K
}
Event: 11222.151 GC heap before
{Heap before GC invocations=200 (full 1):
 garbage-first heap   total 386048K, used 152616K [0x0000000080000000, 0x0000000100000000)
  region size 1024K, 41 young (41984K), 2 survivors (2048K)
 Metaspace       used 151900K, committed 153984K, reserved 1245184K
  class space    used 20059K, committed 21184K, reserved 1048576K
}
Event: 11222.452 GC heap after
{Heap after GC invocations=201 (full 1):
 garbage-first heap   total 386048K, used 119800K [0x0000000080000000, 0x0000000100000000)
  region size 1024K, 6 young (6144K), 6 survivors (6144K)
 Metaspace       used 151900K, committed 153984K, reserved 1245184K
  class space    used 20059K, committed 21184K, reserved 1048576K
}
Event: 11223.249 GC heap before
{Heap before GC invocations=201 (full 1):
 garbage-first heap   total 386048K, used 132088K [0x0000000080000000, 0x0000000100000000)
  region size 1024K, 18 young (18432K), 6 survivors (6144K)
 Metaspace       used 151938K, committed 153984K, reserved 1245184K
  class space    used 20065K, committed 21184K, reserved 1048576K
}
Event: 11223.639 GC heap after
{Heap after GC invocations=202 (full 1):
 garbage-first heap   total 386048K, used 121232K [0x0000000080000000, 0x0000000100000000)
  region size 1024K, 3 young (3072K), 3 survivors (3072K)
 Metaspace       used 151938K, committed 153984K, reserved 1245184K
  class space    used 20065K, committed 21184K, reserved 1048576K
}
Event: 11224.210 GC heap before
{Heap before GC invocations=202 (full 1):
 garbage-first heap   total 386048K, used 136592K [0x0000000080000000, 0x0000000100000000)
  region size 1024K, 18 young (18432K), 3 survivors (3072K)
 Metaspace       used 151939K, committed 153984K, reserved 1245184K
  class space    used 20065K, committed 21184K, reserved 1048576K
}
Event: 11224.252 GC heap after
{Heap after GC invocations=203 (full 1):
 garbage-first heap   total 386048K, used 124038K [0x0000000080000000, 0x0000000100000000)
  region size 1024K, 3 young (3072K), 3 survivors (3072K)
 Metaspace       used 151939K, committed 153984K, reserved 1245184K
  class space    used 20065K, committed 21184K, reserved 1048576K
}
Event: 11224.716 GC heap before
{Heap before GC invocations=203 (full 1):
 garbage-first heap   total 386048K, used 134278K [0x0000000080000000, 0x0000000100000000)
  region size 1024K, 18 young (18432K), 3 survivors (3072K)
 Metaspace       used 151558K, committed 153984K, reserved 1245184K
  class space    used 19997K, committed 21184K, reserved 1048576K
}
Event: 11224.818 GC heap after
{Heap after GC invocations=204 (full 1):
 garbage-first heap   total 386048K, used 121932K [0x0000000080000000, 0x0000000100000000)
  region size 1024K, 2 young (2048K), 2 survivors (2048K)
 Metaspace       used 151558K, committed 153984K, reserved 1245184K
  class space    used 19997K, committed 21184K, reserved 1048576K
}
Event: 11409.066 GC heap before
{Heap before GC invocations=205 (full 1):
 garbage-first heap   total 386048K, used 245836K [0x0000000080000000, 0x0000000100000000)
  region size 1024K, 124 young (126976K), 2 survivors (2048K)
 Metaspace       used 151603K, committed 153984K, reserved 1245184K
  class space    used 20000K, committed 21184K, reserved 1048576K
}
Event: 11409.112 GC heap after
{Heap after GC invocations=206 (full 1):
 garbage-first heap   total 386048K, used 133596K [0x0000000080000000, 0x0000000100000000)
  region size 1024K, 14 young (14336K), 14 survivors (14336K)
 Metaspace       used 151603K, committed 153984K, reserved 1245184K
  class space    used 20000K, committed 21184K, reserved 1048576K
}
Event: 11409.152 GC heap before
{Heap before GC invocations=206 (full 1):
 garbage-first heap   total 386048K, used 137692K [0x0000000080000000, 0x0000000100000000)
  region size 1024K, 18 young (18432K), 14 survivors (14336K)
 Metaspace       used 151610K, committed 153984K, reserved 1245184K
  class space    used 20000K, committed 21184K, reserved 1048576K
}
Event: 11411.060 GC heap after
{Heap after GC invocations=207 (full 1):
 garbage-first heap   total 386048K, used 132436K [0x0000000080000000, 0x0000000100000000)
  region size 1024K, 2 young (2048K), 2 survivors (2048K)
 Metaspace       used 151610K, committed 153984K, reserved 1245184K
  class space    used 20000K, committed 21184K, reserved 1048576K
}
Event: 11411.300 GC heap before
{Heap before GC invocations=207 (full 1):
 garbage-first heap   total 386048K, used 148820K [0x0000000080000000, 0x0000000100000000)
  region size 1024K, 18 young (18432K), 2 survivors (2048K)
 Metaspace       used 151614K, committed 153984K, reserved 1245184K
  class space    used 20000K, committed 21184K, reserved 1048576K
}

