# JRE version: OpenJDK Runtime Environment (17.0.11) (build 17.0.11+0--11852314)
# Java VM: OpenJDK 64-Bit Server VM (17.0.11+0--11852314, mixed mode, tiered, compressed oops, compressed class ptrs, g1 gc, windows-amd64)
GC Precious Log:
 CPUs: 4 total, 4 available
 Memory: 8149M
 Large Page Support: Disabled
 NUMA Support: Disabled
 Compressed Oops: Enabled (32-bit)
 Heap Region Size: 1M
 Heap Min Capacity: 8M
 Heap Initial Capacity: 128M
 Heap Max Capacity: 2038M
 Pre-touch: Disabled
 Parallel Workers: 4
 Concurrent Workers: 1
 Concurrent Refinement Workers: 4
 Periodic GC: Disabled
Heap:
 garbage-first heap   total 172032K, used 112599K [0x0000000080a00000, 0x0000000100000000)
  region size 1024K, 24 young (24576K), 5 survivors (5120K)
 Metaspace       used 80130K, committed 80512K, reserved 1179648K
  class space    used 8771K, committed 8960K, reserved 1048576K
GC Heap History (20 events):
Event: 21.860 GC heap before
{Heap before GC invocations=25 (full 0):
 garbage-first heap   total 133120K, used 107153K [0x0000000080a00000, 0x0000000100000000)
  region size 1024K, 45 young (46080K), 5 survivors (5120K)
 Metaspace       used 65099K, committed 65344K, reserved 1114112K
  class space    used 7326K, committed 7424K, reserved 1048576K
}
Event: 21.871 GC heap after
{Heap after GC invocations=26 (full 0):
 garbage-first heap   total 133120K, used 70254K [0x0000000080a00000, 0x0000000100000000)
  region size 1024K, 4 young (4096K), 4 survivors (4096K)
 Metaspace       used 65099K, committed 65344K, reserved 1114112K
  class space    used 7326K, committed 7424K, reserved 1048576K
}
Event: 23.464 GC heap before
{Heap before GC invocations=26 (full 0):
 garbage-first heap   total 133120K, used 107118K [0x0000000080a00000, 0x0000000100000000)
  region size 1024K, 40 young (40960K), 4 survivors (4096K)
 Metaspace       used 65442K, committed 65728K, reserved 1114112K
  class space    used 7346K, committed 7488K, reserved 1048576K
}
Event: 23.472 GC heap after
{Heap after GC invocations=27 (full 0):
 garbage-first heap   total 133120K, used 72621K [0x0000000080a00000, 0x0000000100000000)
  region size 1024K, 3 young (3072K), 3 survivors (3072K)
 Metaspace       used 65442K, committed 65728K, reserved 1114112K
  class space    used 7346K, committed 7488K, reserved 1048576K
}
Event: 24.595 GC heap before
{Heap before GC invocations=28 (full 0):
 garbage-first heap   total 133120K, used 108461K [0x0000000080a00000, 0x0000000100000000)
  region size 1024K, 38 young (38912K), 3 survivors (3072K)
 Metaspace       used 65734K, committed 65984K, reserved 1114112K
  class space    used 7373K, committed 7488K, reserved 1048576K
}
Event: 24.603 GC heap after
{Heap after GC invocations=29 (full 0):
 garbage-first heap   total 133120K, used 75681K [0x0000000080a00000, 0x0000000100000000)
  region size 1024K, 5 young (5120K), 5 survivors (5120K)
 Metaspace       used 65734K, committed 65984K, reserved 1114112K
  class space    used 7373K, committed 7488K, reserved 1048576K
}
Event: 24.641 GC heap before
{Heap before GC invocations=29 (full 0):
 garbage-first heap   total 133120K, used 76705K [0x0000000080a00000, 0x0000000100000000)
  region size 1024K, 6 young (6144K), 5 survivors (5120K)
 Metaspace       used 65735K, committed 65984K, reserved 1114112K
  class space    used 7373K, committed 7488K, reserved 1048576K
}
Event: 24.650 GC heap after
{Heap after GC invocations=30 (full 0):
 garbage-first heap   total 133120K, used 76102K [0x0000000080a00000, 0x0000000100000000)
  region size 1024K, 1 young (1024K), 1 survivors (1024K)
 Metaspace       used 65735K, committed 65984K, reserved 1114112K
  class space    used 7373K, committed 7488K, reserved 1048576K
}
Event: 26.198 GC heap before
{Heap before GC invocations=30 (full 0):
 garbage-first heap   total 133120K, used 109894K [0x0000000080a00000, 0x0000000100000000)
  region size 1024K, 34 young (34816K), 1 survivors (1024K)
 Metaspace       used 66661K, committed 66944K, reserved 1114112K
  class space    used 7444K, committed 7552K, reserved 1048576K
}
Event: 26.203 GC heap after
{Heap after GC invocations=31 (full 0):
 garbage-first heap   total 133120K, used 77725K [0x0000000080a00000, 0x0000000100000000)
  region size 1024K, 3 young (3072K), 3 survivors (3072K)
 Metaspace       used 66661K, committed 66944K, reserved 1114112K
  class space    used 7444K, committed 7552K, reserved 1048576K
}
Event: 27.340 GC heap before
{Heap before GC invocations=32 (full 0):
 garbage-first heap   total 143360K, used 109469K [0x0000000080a00000, 0x0000000100000000)
  region size 1024K, 34 young (34816K), 3 survivors (3072K)
 Metaspace       used 68188K, committed 68480K, reserved 1114112K
  class space    used 7596K, committed 7744K, reserved 1048576K
}
Event: 27.346 GC heap after
{Heap after GC invocations=33 (full 0):
 garbage-first heap   total 143360K, used 79117K [0x0000000080a00000, 0x0000000100000000)
  region size 1024K, 4 young (4096K), 4 survivors (4096K)
 Metaspace       used 68188K, committed 68480K, reserved 1114112K
  class space    used 7596K, committed 7744K, reserved 1048576K
}
Event: 27.418 GC heap before
{Heap before GC invocations=33 (full 0):
 garbage-first heap   total 143360K, used 81165K [0x0000000080a00000, 0x0000000100000000)
  region size 1024K, 7 young (7168K), 4 survivors (4096K)
 Metaspace       used 69060K, committed 69376K, reserved 1114112K
  class space    used 7666K, committed 7808K, reserved 1048576K
}
Event: 27.424 GC heap after
{Heap after GC invocations=34 (full 0):
 garbage-first heap   total 143360K, used 78778K [0x0000000080a00000, 0x0000000100000000)
  region size 1024K, 1 young (1024K), 1 survivors (1024K)
 Metaspace       used 69060K, committed 69376K, reserved 1114112K
  class space    used 7666K, committed 7808K, reserved 1048576K
}
Event: 28.957 GC heap before
{Heap before GC invocations=34 (full 0):
 garbage-first heap   total 143360K, used 118714K [0x0000000080a00000, 0x0000000100000000)
  region size 1024K, 40 young (40960K), 1 survivors (1024K)
 Metaspace       used 74529K, committed 74944K, reserved 1179648K
  class space    used 8197K, committed 8384K, reserved 1048576K
}
Event: 28.965 GC heap after
{Heap after GC invocations=35 (full 0):
 garbage-first heap   total 143360K, used 82401K [0x0000000080a00000, 0x0000000100000000)
  region size 1024K, 5 young (5120K), 5 survivors (5120K)
 Metaspace       used 74529K, committed 74944K, reserved 1179648K
  class space    used 8197K, committed 8384K, reserved 1048576K
}
Event: 30.107 GC heap before
{Heap before GC invocations=35 (full 0):
 garbage-first heap   total 143360K, used 118241K [0x0000000080a00000, 0x0000000100000000)
  region size 1024K, 40 young (40960K), 5 survivors (5120K)
 Metaspace       used 76297K, committed 76608K, reserved 1179648K
  class space    used 8394K, committed 8576K, reserved 1048576K
}
Event: 30.121 GC heap after
{Heap after GC invocations=36 (full 0):
 garbage-first heap   total 143360K, used 88527K [0x0000000080a00000, 0x0000000100000000)
  region size 1024K, 5 young (5120K), 5 survivors (5120K)
 Metaspace       used 76297K, committed 76608K, reserved 1179648K
  class space    used 8394K, committed 8576K, reserved 1048576K
}
Event: 30.785 GC heap before
{Heap before GC invocations=36 (full 0):
 garbage-first heap   total 143360K, used 117199K [0x0000000080a00000, 0x0000000100000000)
  region size 1024K, 33 young (33792K), 5 survivors (5120K)
 Metaspace       used 77250K, committed 77568K, reserved 1179648K
  class space    used 8464K, committed 8640K, reserved 1048576K
}
Event: 30.799 GC heap after
{Heap after GC invocations=37 (full 0):
 garbage-first heap   total 172032K, used 94167K [0x0000000080a00000, 0x0000000100000000)
  region size 1024K, 5 young (5120K), 5 survivors (5120K)
 Metaspace       used 77250K, committed 77568K, reserved 1179648K
  class space    used 8464K, committed 8640K, reserved 1048576K
}

