# JRE version: OpenJDK Runtime Environment (17.0.11) (build 17.0.11+0--11852314)
# Java VM: OpenJDK 64-Bit Server VM (17.0.11+0--11852314, mixed mode, tiered, compressed oops, compressed class ptrs, g1 gc, windows-amd64)
GC Precious Log:
 CPUs: 4 total, 4 available
 Memory: 8149M
 Large Page Support: Disabled
 NUMA Support: Disabled
 Compressed Oops: Enabled (32-bit)
 Heap Region Size: 1M
 Heap Min Capacity: 8M
 Heap Initial Capacity: 128M
 Heap Max Capacity: 2G
 Pre-touch: Disabled
 Parallel Workers: 4
 Concurrent Workers: 1
 Concurrent Refinement Workers: 4
 Periodic GC: Disabled
Heap:
 garbage-first heap   total 522240K, used 263032K [0x0000000080000000, 0x0000000100000000)
  region size 1024K, 4 young (4096K), 4 survivors (4096K)
 Metaspace       used 229268K, committed 230976K, reserved 1310720K
  class space    used 28878K, committed 29760K, reserved 1048576K
GC Heap History (20 events):
Event: 6397.762 GC heap after
{Heap after GC invocations=122 (full 0):
 garbage-first heap   total 522240K, used 394974K [0x0000000080000000, 0x0000000100000000)
  region size 1024K, 4 young (4096K), 4 survivors (4096K)
 Metaspace       used 224514K, committed 226048K, reserved 1310720K
  class space    used 28203K, committed 28992K, reserved 1048576K
}
Event: 6398.205 GC heap before
{Heap before GC invocations=122 (full 0):
 garbage-first heap   total 522240K, used 463582K [0x0000000080000000, 0x0000000100000000)
  region size 1024K, 72 young (73728K), 4 survivors (4096K)
 Metaspace       used 224531K, committed 226112K, reserved 1310720K
  class space    used 28203K, committed 28992K, reserved 1048576K
}
Event: 6398.208 GC heap after
{Heap after GC invocations=123 (full 0):
 garbage-first heap   total 522240K, used 394649K [0x0000000080000000, 0x0000000100000000)
  region size 1024K, 3 young (3072K), 3 survivors (3072K)
 Metaspace       used 224531K, committed 226112K, reserved 1310720K
  class space    used 28203K, committed 28992K, reserved 1048576K
}
Event: 6398.477 GC heap before
{Heap before GC invocations=123 (full 0):
 garbage-first heap   total 522240K, used 465305K [0x0000000080000000, 0x0000000100000000)
  region size 1024K, 72 young (73728K), 3 survivors (3072K)
 Metaspace       used 224533K, committed 226112K, reserved 1310720K
  class space    used 28203K, committed 28992K, reserved 1048576K
}
Event: 6398.481 GC heap after
{Heap after GC invocations=124 (full 0):
 garbage-first heap   total 522240K, used 394579K [0x0000000080000000, 0x0000000100000000)
  region size 1024K, 3 young (3072K), 3 survivors (3072K)
 Metaspace       used 224533K, committed 226112K, reserved 1310720K
  class space    used 28203K, committed 28992K, reserved 1048576K
}
Event: 6398.590 GC heap before
{Heap before GC invocations=124 (full 0):
 garbage-first heap   total 522240K, used 465235K [0x0000000080000000, 0x0000000100000000)
  region size 1024K, 72 young (73728K), 3 survivors (3072K)
 Metaspace       used 224535K, committed 226112K, reserved 1310720K
  class space    used 28203K, committed 28992K, reserved 1048576K
}
Event: 6398.595 GC heap after
{Heap after GC invocations=125 (full 0):
 garbage-first heap   total 522240K, used 395190K [0x0000000080000000, 0x0000000100000000)
  region size 1024K, 4 young (4096K), 4 survivors (4096K)
 Metaspace       used 224535K, committed 226112K, reserved 1310720K
  class space    used 28203K, committed 28992K, reserved 1048576K
}
Event: 6398.823 GC heap before
{Heap before GC invocations=125 (full 0):
 garbage-first heap   total 522240K, used 463798K [0x0000000080000000, 0x0000000100000000)
  region size 1024K, 72 young (73728K), 4 survivors (4096K)
 Metaspace       used 224536K, committed 226112K, reserved 1310720K
  class space    used 28204K, committed 28992K, reserved 1048576K
}
Event: 6398.828 GC heap after
{Heap after GC invocations=126 (full 0):
 garbage-first heap   total 522240K, used 394953K [0x0000000080000000, 0x0000000100000000)
  region size 1024K, 4 young (4096K), 4 survivors (4096K)
 Metaspace       used 224536K, committed 226112K, reserved 1310720K
  class space    used 28204K, committed 28992K, reserved 1048576K
}
Event: 6404.904 GC heap before
{Heap before GC invocations=126 (full 0):
 garbage-first heap   total 522240K, used 454345K [0x0000000080000000, 0x0000000100000000)
  region size 1024K, 64 young (65536K), 4 survivors (4096K)
 Metaspace       used 226181K, committed 227776K, reserved 1310720K
  class space    used 28469K, committed 29248K, reserved 1048576K
}
Event: 6414.204 GC heap after
{Heap after GC invocations=127 (full 1):
 garbage-first heap   total 522240K, used 215928K [0x0000000080000000, 0x0000000100000000)
  region size 1024K, 0 young (0K), 0 survivors (0K)
 Metaspace       used 225787K, committed 227776K, reserved 1310720K
  class space    used 28385K, committed 29248K, reserved 1048576K
}
Event: 8574.899 GC heap before
{Heap before GC invocations=127 (full 1):
 garbage-first heap   total 522240K, used 456568K [0x0000000080000000, 0x0000000100000000)
  region size 1024K, 236 young (241664K), 0 survivors (0K)
 Metaspace       used 227278K, committed 228800K, reserved 1310720K
  class space    used 28648K, committed 29440K, reserved 1048576K
}
Event: 8574.960 GC heap after
{Heap after GC invocations=128 (full 1):
 garbage-first heap   total 522240K, used 220024K [0x0000000080000000, 0x0000000100000000)
  region size 1024K, 4 young (4096K), 4 survivors (4096K)
 Metaspace       used 227278K, committed 228800K, reserved 1310720K
  class space    used 28648K, committed 29440K, reserved 1048576K
}
Event: 8713.025 GC heap before
{Heap before GC invocations=128 (full 1):
 garbage-first heap   total 522240K, used 454520K [0x0000000080000000, 0x0000000100000000)
  region size 1024K, 234 young (239616K), 4 survivors (4096K)
 Metaspace       used 228100K, committed 229760K, reserved 1310720K
  class space    used 28752K, committed 29568K, reserved 1048576K
}
Event: 8713.062 GC heap after
{Heap after GC invocations=129 (full 1):
 garbage-first heap   total 522240K, used 221415K [0x0000000080000000, 0x0000000100000000)
  region size 1024K, 6 young (6144K), 6 survivors (6144K)
 Metaspace       used 228100K, committed 229760K, reserved 1310720K
  class space    used 28752K, committed 29568K, reserved 1048576K
}
Event: 9161.302 GC heap before
{Heap before GC invocations=129 (full 1):
 garbage-first heap   total 522240K, used 467175K [0x0000000080000000, 0x0000000100000000)
  region size 1024K, 233 young (238592K), 6 survivors (6144K)
 Metaspace       used 229220K, committed 230912K, reserved 1310720K
  class space    used 28878K, committed 29760K, reserved 1048576K
}
Event: 9164.595 GC heap after
{Heap after GC invocations=130 (full 1):
 garbage-first heap   total 522240K, used 257752K [0x0000000080000000, 0x0000000100000000)
  region size 1024K, 30 young (30720K), 30 survivors (30720K)
 Metaspace       used 229220K, committed 230912K, reserved 1310720K
  class space    used 28878K, committed 29760K, reserved 1048576K
}
Event: 9168.736 GC heap before
{Heap before GC invocations=130 (full 1):
 garbage-first heap   total 522240K, used 265944K [0x0000000080000000, 0x0000000100000000)
  region size 1024K, 38 young (38912K), 30 survivors (30720K)
 Metaspace       used 229225K, committed 230976K, reserved 1310720K
  class space    used 28878K, committed 29760K, reserved 1048576K
}
Event: 9170.736 GC heap after
{Heap after GC invocations=131 (full 1):
 garbage-first heap   total 522240K, used 260967K [0x0000000080000000, 0x0000000100000000)
  region size 1024K, 3 young (3072K), 3 survivors (3072K)
 Metaspace       used 229225K, committed 230976K, reserved 1310720K
  class space    used 28878K, committed 29760K, reserved 1048576K
}
Event: 9175.112 GC heap before
{Heap before GC invocations=131 (full 1):
 garbage-first heap   total 522240K, used 284519K [0x0000000080000000, 0x0000000100000000)
  region size 1024K, 25 young (25600K), 3 survivors (3072K)
 Metaspace       used 229268K, committed 230976K, reserved 1310720K
  class space    used 28878K, committed 29760K, reserved 1048576K
}

