# JRE version: OpenJDK Runtime Environment (17.0.11) (build 17.0.11+0--11852314)
# Java VM: OpenJDK 64-Bit Server VM (17.0.11+0--11852314, mixed mode, tiered, compressed oops, compressed class ptrs, g1 gc, windows-amd64)
GC Precious Log:
 CPUs: 4 total, 4 available
 Memory: 8149M
 Large Page Support: Disabled
 NUMA Support: Disabled
 Compressed Oops: Enabled (32-bit)
 Heap Region Size: 1M
 Heap Min Capacity: 8M
 Heap Initial Capacity: 128M
 Heap Max Capacity: 2038M
 Pre-touch: Disabled
 Parallel Workers: 4
 Concurrent Workers: 1
 Concurrent Refinement Workers: 4
 Periodic GC: Disabled
Heap:
 garbage-first heap   total 204800K, used 121855K [0x0000000080a00000, 0x0000000100000000)
  region size 1024K, 19 young (19456K), 5 survivors (5120K)
 Metaspace       used 94140K, committed 94592K, reserved 1179648K
  class space    used 9903K, committed 10112K, reserved 1048576K
GC Heap History (20 events):
Event: 10.363 GC heap before
{Heap before GC invocations=23 (full 0):
 garbage-first heap   total 105472K, used 55809K [0x0000000080a00000, 0x0000000100000000)
  region size 1024K, 5 young (5120K), 4 survivors (4096K)
 Metaspace       used 62108K, committed 62400K, reserved 1114112K
  class space    used 7046K, committed 7168K, reserved 1048576K
}
Event: 10.374 GC heap after
{Heap after GC invocations=24 (full 0):
 garbage-first heap   total 105472K, used 55107K [0x0000000080a00000, 0x0000000100000000)
  region size 1024K, 1 young (1024K), 1 survivors (1024K)
 Metaspace       used 62108K, committed 62400K, reserved 1114112K
  class space    used 7046K, committed 7168K, reserved 1048576K
}
Event: 11.074 GC heap before
{Heap before GC invocations=24 (full 0):
 garbage-first heap   total 105472K, used 82755K [0x0000000080a00000, 0x0000000100000000)
  region size 1024K, 28 young (28672K), 1 survivors (1024K)
 Metaspace       used 63441K, committed 63680K, reserved 1114112K
  class space    used 7185K, committed 7296K, reserved 1048576K
}
Event: 11.084 GC heap after
{Heap after GC invocations=25 (full 0):
 garbage-first heap   total 256000K, used 57862K [0x0000000080a00000, 0x0000000100000000)
  region size 1024K, 4 young (4096K), 4 survivors (4096K)
 Metaspace       used 63441K, committed 63680K, reserved 1114112K
  class space    used 7185K, committed 7296K, reserved 1048576K
}
Event: 15.988 GC heap before
{Heap before GC invocations=26 (full 0):
 garbage-first heap   total 204800K, used 175622K [0x0000000080a00000, 0x0000000100000000)
  region size 1024K, 118 young (120832K), 4 survivors (4096K)
 Metaspace       used 65456K, committed 65792K, reserved 1114112K
  class space    used 7354K, committed 7488K, reserved 1048576K
}
Event: 16.001 GC heap after
{Heap after GC invocations=27 (full 0):
 garbage-first heap   total 204800K, used 69904K [0x0000000080a00000, 0x0000000100000000)
  region size 1024K, 14 young (14336K), 14 survivors (14336K)
 Metaspace       used 65456K, committed 65792K, reserved 1114112K
  class space    used 7354K, committed 7488K, reserved 1048576K
}
Event: 16.033 GC heap before
{Heap before GC invocations=27 (full 0):
 garbage-first heap   total 204800K, used 70928K [0x0000000080a00000, 0x0000000100000000)
  region size 1024K, 15 young (15360K), 14 survivors (14336K)
 Metaspace       used 65456K, committed 65792K, reserved 1114112K
  class space    used 7354K, committed 7488K, reserved 1048576K
}
Event: 16.044 GC heap after
{Heap after GC invocations=28 (full 0):
 garbage-first heap   total 204800K, used 71614K [0x0000000080a00000, 0x0000000100000000)
  region size 1024K, 2 young (2048K), 2 survivors (2048K)
 Metaspace       used 65456K, committed 65792K, reserved 1114112K
  class space    used 7354K, committed 7488K, reserved 1048576K
}
Event: 18.092 GC heap before
{Heap before GC invocations=28 (full 0):
 garbage-first heap   total 204800K, used 155582K [0x0000000080a00000, 0x0000000100000000)
  region size 1024K, 83 young (84992K), 2 survivors (2048K)
 Metaspace       used 67025K, committed 67264K, reserved 1114112K
  class space    used 7458K, committed 7552K, reserved 1048576K
}
Event: 18.099 GC heap after
{Heap after GC invocations=29 (full 0):
 garbage-first heap   total 204800K, used 75228K [0x0000000080a00000, 0x0000000100000000)
  region size 1024K, 6 young (6144K), 6 survivors (6144K)
 Metaspace       used 67025K, committed 67264K, reserved 1114112K
  class space    used 7458K, committed 7552K, reserved 1048576K
}
Event: 20.252 GC heap before
{Heap before GC invocations=29 (full 0):
 garbage-first heap   total 204800K, used 158172K [0x0000000080a00000, 0x0000000100000000)
  region size 1024K, 87 young (89088K), 6 survivors (6144K)
 Metaspace       used 75868K, committed 76224K, reserved 1179648K
  class space    used 8354K, committed 8512K, reserved 1048576K
}
Event: 20.272 GC heap after
{Heap after GC invocations=30 (full 0):
 garbage-first heap   total 204800K, used 87163K [0x0000000080a00000, 0x0000000100000000)
  region size 1024K, 11 young (11264K), 11 survivors (11264K)
 Metaspace       used 75868K, committed 76224K, reserved 1179648K
  class space    used 8354K, committed 8512K, reserved 1048576K
}
Event: 22.600 GC heap before
{Heap before GC invocations=30 (full 0):
 garbage-first heap   total 204800K, used 158843K [0x0000000080a00000, 0x0000000100000000)
  region size 1024K, 81 young (82944K), 11 survivors (11264K)
 Metaspace       used 85637K, committed 86080K, reserved 1179648K
  class space    used 9373K, committed 9600K, reserved 1048576K
}
Event: 22.620 GC heap after
{Heap after GC invocations=31 (full 0):
 garbage-first heap   total 204800K, used 95433K [0x0000000080a00000, 0x0000000100000000)
  region size 1024K, 8 young (8192K), 8 survivors (8192K)
 Metaspace       used 85637K, committed 86080K, reserved 1179648K
  class space    used 9373K, committed 9600K, reserved 1048576K
}
Event: 24.558 GC heap before
{Heap before GC invocations=31 (full 0):
 garbage-first heap   total 204800K, used 160969K [0x0000000080a00000, 0x0000000100000000)
  region size 1024K, 73 young (74752K), 8 survivors (8192K)
 Metaspace       used 91817K, committed 92160K, reserved 1179648K
  class space    used 9794K, committed 9984K, reserved 1048576K
}
Event: 24.570 GC heap after
{Heap after GC invocations=32 (full 0):
 garbage-first heap   total 204800K, used 100838K [0x0000000080a00000, 0x0000000100000000)
  region size 1024K, 5 young (5120K), 5 survivors (5120K)
 Metaspace       used 91817K, committed 92160K, reserved 1179648K
  class space    used 9794K, committed 9984K, reserved 1048576K
}
Event: 25.504 GC heap before
{Heap before GC invocations=32 (full 0):
 garbage-first heap   total 204800K, used 165350K [0x0000000080a00000, 0x0000000100000000)
  region size 1024K, 68 young (69632K), 5 survivors (5120K)
 Metaspace       used 93617K, committed 94080K, reserved 1179648K
  class space    used 9883K, committed 10112K, reserved 1048576K
}
Event: 25.516 GC heap after
{Heap after GC invocations=33 (full 0):
 garbage-first heap   total 204800K, used 104715K [0x0000000080a00000, 0x0000000100000000)
  region size 1024K, 9 young (9216K), 9 survivors (9216K)
 Metaspace       used 93617K, committed 94080K, reserved 1179648K
  class space    used 9883K, committed 10112K, reserved 1048576K
}
Event: 26.204 GC heap before
{Heap before GC invocations=33 (full 0):
 garbage-first heap   total 204800K, used 166155K [0x0000000080a00000, 0x0000000100000000)
  region size 1024K, 69 young (70656K), 9 survivors (9216K)
 Metaspace       used 94108K, committed 94528K, reserved 1179648K
  class space    used 9903K, committed 10112K, reserved 1048576K
}
Event: 26.214 GC heap after
{Heap after GC invocations=34 (full 0):
 garbage-first heap   total 204800K, used 108543K [0x0000000080a00000, 0x0000000100000000)
  region size 1024K, 5 young (5120K), 5 survivors (5120K)
 Metaspace       used 94108K, committed 94528K, reserved 1179648K
  class space    used 9903K, committed 10112K, reserved 1048576K
}

