# JRE version: OpenJDK Runtime Environment (17.0.11) (build 17.0.11+0--11852314)
# Java VM: OpenJDK 64-Bit Server VM (17.0.11+0--11852314, mixed mode, tiered, compressed oops, compressed class ptrs, g1 gc, windows-amd64)
GC Precious Log:
 CPUs: 4 total, 4 available
 Memory: 8149M
 Large Page Support: Disabled
 NUMA Support: Disabled
 Compressed Oops: Enabled (32-bit)
 Heap Region Size: 1M
 Heap Min Capacity: 8M
 Heap Initial Capacity: 128M
 Heap Max Capacity: 2038M
 Pre-touch: Disabled
 Parallel Workers: 4
 Concurrent Workers: 1
 Concurrent Refinement Workers: 4
 Periodic GC: Disabled
Heap:
 garbage-first heap   total 105472K, used 54504K [0x0000000080a00000, 0x0000000100000000)
  region size 1024K, 1 young (1024K), 1 survivors (1024K)
 Metaspace       used 61988K, committed 62272K, reserved 1114112K
  class space    used 7039K, committed 7168K, reserved 1048576K
GC Heap History (20 events):
Event: 3.486 GC heap after
{Heap after GC invocations=15 (full 0):
 garbage-first heap   total 72704K, used 33696K [0x0000000080a00000, 0x0000000100000000)
  region size 1024K, 4 young (4096K), 4 survivors (4096K)
 Metaspace       used 51593K, committed 51840K, reserved 1114112K
  class space    used 6207K, committed 6336K, reserved 1048576K
}
Event: 3.670 GC heap before
{Heap before GC invocations=15 (full 0):
 garbage-first heap   total 72704K, used 54176K [0x0000000080a00000, 0x0000000100000000)
  region size 1024K, 25 young (25600K), 4 survivors (4096K)
 Metaspace       used 51957K, committed 52224K, reserved 1114112K
  class space    used 6230K, committed 6336K, reserved 1048576K
}
Event: 3.679 GC heap after
{Heap after GC invocations=16 (full 0):
 garbage-first heap   total 72704K, used 36364K [0x0000000080a00000, 0x0000000100000000)
  region size 1024K, 3 young (3072K), 3 survivors (3072K)
 Metaspace       used 51957K, committed 52224K, reserved 1114112K
  class space    used 6230K, committed 6336K, reserved 1048576K
}
Event: 4.475 GC heap before
{Heap before GC invocations=16 (full 0):
 garbage-first heap   total 72704K, used 55820K [0x0000000080a00000, 0x0000000100000000)
  region size 1024K, 22 young (22528K), 3 survivors (3072K)
 Metaspace       used 55437K, committed 55680K, reserved 1114112K
  class space    used 6628K, committed 6720K, reserved 1048576K
}
Event: 4.485 GC heap after
{Heap after GC invocations=17 (full 0):
 garbage-first heap   total 72704K, used 39758K [0x0000000080a00000, 0x0000000100000000)
  region size 1024K, 3 young (3072K), 3 survivors (3072K)
 Metaspace       used 55437K, committed 55680K, reserved 1114112K
  class space    used 6628K, committed 6720K, reserved 1048576K
}
Event: 4.903 GC heap before
{Heap before GC invocations=18 (full 0):
 garbage-first heap   total 72704K, used 56142K [0x0000000080a00000, 0x0000000100000000)
  region size 1024K, 19 young (19456K), 3 survivors (3072K)
 Metaspace       used 56380K, committed 56576K, reserved 1114112K
  class space    used 6688K, committed 6784K, reserved 1048576K
}
Event: 4.913 GC heap after
{Heap after GC invocations=19 (full 0):
 garbage-first heap   total 72704K, used 43246K [0x0000000080a00000, 0x0000000100000000)
  region size 1024K, 3 young (3072K), 3 survivors (3072K)
 Metaspace       used 56380K, committed 56576K, reserved 1114112K
  class space    used 6688K, committed 6784K, reserved 1048576K
}
Event: 4.938 GC heap before
{Heap before GC invocations=19 (full 0):
 garbage-first heap   total 72704K, used 44270K [0x0000000080a00000, 0x0000000100000000)
  region size 1024K, 4 young (4096K), 3 survivors (3072K)
 Metaspace       used 56389K, committed 56640K, reserved 1114112K
  class space    used 6688K, committed 6784K, reserved 1048576K
}
Event: 4.944 GC heap after
{Heap after GC invocations=20 (full 0):
 garbage-first heap   total 95232K, used 43354K [0x0000000080a00000, 0x0000000100000000)
  region size 1024K, 1 young (1024K), 1 survivors (1024K)
 Metaspace       used 56389K, committed 56640K, reserved 1114112K
  class space    used 6688K, committed 6784K, reserved 1048576K
}
Event: 5.484 GC heap before
{Heap before GC invocations=20 (full 0):
 garbage-first heap   total 95232K, used 71002K [0x0000000080a00000, 0x0000000100000000)
  region size 1024K, 28 young (28672K), 1 survivors (1024K)
 Metaspace       used 57941K, committed 58240K, reserved 1114112K
  class space    used 6853K, committed 6976K, reserved 1048576K
}
Event: 5.494 GC heap after
{Heap after GC invocations=21 (full 0):
 garbage-first heap   total 95232K, used 47074K [0x0000000080a00000, 0x0000000100000000)
  region size 1024K, 4 young (4096K), 4 survivors (4096K)
 Metaspace       used 57941K, committed 58240K, reserved 1114112K
  class space    used 6853K, committed 6976K, reserved 1048576K
}
Event: 6.303 GC heap before
{Heap before GC invocations=22 (full 0):
 garbage-first heap   total 95232K, used 71650K [0x0000000080a00000, 0x0000000100000000)
  region size 1024K, 29 young (29696K), 4 survivors (4096K)
 Metaspace       used 59986K, committed 60224K, reserved 1114112K
  class space    used 7015K, committed 7104K, reserved 1048576K
}
Event: 6.315 GC heap after
{Heap after GC invocations=23 (full 0):
 garbage-first heap   total 95232K, used 50474K [0x0000000080a00000, 0x0000000100000000)
  region size 1024K, 4 young (4096K), 4 survivors (4096K)
 Metaspace       used 59986K, committed 60224K, reserved 1114112K
  class space    used 7015K, committed 7104K, reserved 1048576K
}
Event: 6.368 GC heap before
{Heap before GC invocations=23 (full 0):
 garbage-first heap   total 95232K, used 51498K [0x0000000080a00000, 0x0000000100000000)
  region size 1024K, 5 young (5120K), 4 survivors (4096K)
 Metaspace       used 60060K, committed 60288K, reserved 1114112K
  class space    used 7015K, committed 7104K, reserved 1048576K
}
Event: 6.373 GC heap after
{Heap after GC invocations=24 (full 0):
 garbage-first heap   total 95232K, used 50714K [0x0000000080a00000, 0x0000000100000000)
  region size 1024K, 1 young (1024K), 1 survivors (1024K)
 Metaspace       used 60060K, committed 60288K, reserved 1114112K
  class space    used 7015K, committed 7104K, reserved 1048576K
}
Event: 7.555 GC heap before
{Heap before GC invocations=24 (full 0):
 garbage-first heap   total 95232K, used 74266K [0x0000000080a00000, 0x0000000100000000)
  region size 1024K, 24 young (24576K), 1 survivors (1024K)
 Metaspace       used 61374K, committed 61632K, reserved 1114112K
  class space    used 7020K, committed 7104K, reserved 1048576K
}
Event: 7.560 GC heap after
{Heap after GC invocations=25 (full 0):
 garbage-first heap   total 95232K, used 51521K [0x0000000080a00000, 0x0000000100000000)
  region size 1024K, 2 young (2048K), 2 survivors (2048K)
 Metaspace       used 61374K, committed 61632K, reserved 1114112K
  class space    used 7020K, committed 7104K, reserved 1048576K
}
Event: 8.357 GC heap before
{Heap before GC invocations=26 (full 0):
 garbage-first heap   total 95232K, used 75073K [0x0000000080a00000, 0x0000000100000000)
  region size 1024K, 25 young (25600K), 2 survivors (2048K)
 Metaspace       used 61820K, committed 62016K, reserved 1114112K
  class space    used 7024K, committed 7104K, reserved 1048576K
}
Event: 8.366 GC heap after
{Heap after GC invocations=27 (full 0):
 garbage-first heap   total 95232K, used 54329K [0x0000000080a00000, 0x0000000100000000)
  region size 1024K, 4 young (4096K), 4 survivors (4096K)
 Metaspace       used 61820K, committed 62016K, reserved 1114112K
  class space    used 7024K, committed 7104K, reserved 1048576K
}
Event: 8.390 GC heap before
{Heap before GC invocations=27 (full 0):
 garbage-first heap   total 95232K, used 55353K [0x0000000080a00000, 0x0000000100000000)
  region size 1024K, 5 young (5120K), 4 survivors (4096K)
 Metaspace       used 61988K, committed 62272K, reserved 1114112K
  class space    used 7039K, committed 7168K, reserved 1048576K
}

